<?xml version="1.0" encoding="UTF-8"?>
<coverage generated="1784106209848" clover="3.2.0">
  <project timestamp="1784106209848" name="All files">
    <metrics statements="109" coveredstatements="105" conditionals="134" coveredconditionals="83" methods="25" coveredmethods="21" elements="268" coveredelements="209" complexity="0" loc="109" ncloc="109" packages="9" files="11" classes="11"/>
    <package name="src">
      <metrics statements="10" coveredstatements="10" conditionals="15" coveredconditionals="7" methods="1" coveredmethods="1"/>
      <file name="GifApp.tsx" path="C:\Users\elsem\Documents\react-from-zero-to-expert\03-gifs-app\src\GifApp.tsx">
        <metrics statements="10" coveredstatements="10" conditionals="15" coveredconditionals="7" methods="1" coveredmethods="1"/>
        <line num="7" count="1" type="stmt"/>
        <line num="8" count="1" type="cond" truecount="1" falsecount="1"/>
        <line num="11" count="1" type="stmt"/>
        <line num="12" count="1" type="cond" truecount="1" falsecount="1"/>
        <line num="13" count="1" type="stmt"/>
        <line num="16" count="1" type="cond" truecount="2" falsecount="2"/>
        <line num="17" count="1" type="stmt"/>
        <line num="21" count="1" type="cond" truecount="1" falsecount="1"/>
        <line num="22" count="1" type="cond" truecount="2" falsecount="3"/>
        <line num="23" count="1" type="stmt"/>
      </file>
    </package>
    <package name="src.counter.components">
      <metrics statements="10" coveredstatements="10" conditionals="21" coveredconditionals="13" methods="1" coveredmethods="1"/>
      <file name="MyCounterApp.tsx" path="C:\Users\elsem\Documents\react-from-zero-to-expert\03-gifs-app\src\counter\components\MyCounterApp.tsx">
        <metrics statements="10" coveredstatements="10" conditionals="21" coveredconditionals="13" methods="1" coveredmethods="1"/>
        <line num="3" count="5" type="stmt"/>
        <line num="4" count="5" type="cond" truecount="2" falsecount="0"/>
        <line num="7" count="5" type="cond" truecount="1" falsecount="1"/>
        <line num="8" count="5" type="cond" truecount="2" falsecount="0"/>
        <line num="10" count="5" type="cond" truecount="1" falsecount="1"/>
        <line num="11" count="5" type="cond" truecount="1" falsecount="1"/>
        <line num="12" count="5" type="cond" truecount="2" falsecount="0"/>
        <line num="13" count="5" type="cond" truecount="2" falsecount="3"/>
        <line num="14" count="5" type="cond" truecount="2" falsecount="2"/>
        <line num="15" count="5" type="stmt"/>
      </file>
    </package>
    <package name="src.counter.hooks">
      <metrics statements="14" coveredstatements="14" conditionals="16" coveredconditionals="9" methods="5" coveredmethods="5"/>
      <file name="useCounter.tsx" path="C:\Users\elsem\Documents\react-from-zero-to-expert\03-gifs-app\src\counter\hooks\useCounter.tsx">
        <metrics statements="14" coveredstatements="14" conditionals="16" coveredconditionals="9" methods="5" coveredmethods="5"/>
        <line num="3" count="13" type="cond" truecount="2" falsecount="0"/>
        <line num="4" count="13" type="cond" truecount="1" falsecount="1"/>
        <line num="6" count="13" type="stmt"/>
        <line num="7" count="2" type="stmt"/>
        <line num="8" count="13" type="cond" truecount="1" falsecount="1"/>
        <line num="10" count="13" type="stmt"/>
        <line num="11" count="3" type="cond" truecount="1" falsecount="1"/>
        <line num="12" count="3" type="stmt"/>
        <line num="14" count="13" type="cond" truecount="2" falsecount="0"/>
        <line num="16" count="13" type="stmt"/>
        <line num="17" count="1" type="stmt"/>
        <line num="18" count="13" type="cond" truecount="2" falsecount="4"/>
        <line num="20" count="13" type="stmt"/>
        <line num="28" count="13" type="stmt"/>
      </file>
    </package>
    <package name="src.gifs.actions">
      <metrics statements="8" coveredstatements="8" conditionals="2" coveredconditionals="2" methods="2" coveredmethods="2"/>
      <file name="get-gifs-by-query.actions.ts" path="C:\Users\elsem\Documents\react-from-zero-to-expert\03-gifs-app\src\gifs\actions\get-gifs-by-query.actions.ts">
        <metrics statements="8" coveredstatements="8" conditionals="2" coveredconditionals="2" methods="2" coveredmethods="2"/>
        <line num="5" count="3" type="stmt"/>
        <line num="6" count="6" type="cond" truecount="2" falsecount="0"/>
        <line num="7" count="1" type="stmt"/>
        <line num="10" count="5" type="stmt"/>
        <line num="11" count="5" type="stmt"/>
        <line num="18" count="40" type="stmt"/>
        <line num="26" count="1" type="stmt"/>
        <line num="27" count="1" type="stmt"/>
      </file>
    </package>
    <package name="src.gifs.api">
      <metrics statements="1" coveredstatements="1" conditionals="0" coveredconditionals="0" methods="0" coveredmethods="0"/>
      <file name="giphy.api.ts" path="C:\Users\elsem\Documents\react-from-zero-to-expert\03-gifs-app\src\gifs\api\giphy.api.ts">
        <metrics statements="1" coveredstatements="1" conditionals="0" coveredconditionals="0" methods="0" coveredmethods="0"/>
        <line num="4" count="4" type="stmt"/>
      </file>
    </package>
    <package name="src.gifs.components">
      <metrics statements="15" coveredstatements="13" conditionals="18" coveredconditionals="9" methods="5" coveredmethods="2"/>
      <file name="GifList.tsx" path="C:\Users\elsem\Documents\react-from-zero-to-expert\03-gifs-app\src\gifs\components\GifList.tsx">
        <metrics statements="5" coveredstatements="5" conditionals="4" coveredconditionals="2" methods="2" coveredmethods="1"/>
        <line num="8" count="1" type="cond" truecount="1" falsecount="1"/>
        <line num="10" count="1" type="stmt"/>
        <line num="11" count="1" type="stmt"/>
        <line num="17" count="1" type="cond" truecount="1" falsecount="1"/>
        <line num="18" count="1" type="stmt"/>
      </file>
      <file name="PreviousSearches.tsx" path="C:\Users\elsem\Documents\react-from-zero-to-expert\03-gifs-app\src\gifs\components\PreviousSearches.tsx">
        <metrics statements="10" coveredstatements="8" conditionals="14" coveredconditionals="7" methods="3" coveredmethods="1"/>
        <line num="7" count="1" type="cond" truecount="1" falsecount="1"/>
        <line num="9" count="1" type="stmt"/>
        <line num="10" count="1" type="cond" truecount="3" falsecount="3"/>
        <line num="11" count="1" type="stmt"/>
        <line num="13" count="1" type="stmt"/>
        <line num="14" count="0" type="stmt"/>
        <line num="16" count="0" type="stmt"/>
        <line num="17" count="1" type="cond" truecount="1" falsecount="1"/>
        <line num="19" count="1" type="cond" truecount="2" falsecount="2"/>
        <line num="20" count="1" type="stmt"/>
      </file>
    </package>
    <package name="src.gifs.hooks">
      <metrics statements="23" coveredstatements="23" conditionals="23" coveredconditionals="20" methods="3" coveredmethods="3"/>
      <file name="useGifs.tsx" path="C:\Users\elsem\Documents\react-from-zero-to-expert\03-gifs-app\src\gifs\hooks\useGifs.tsx">
        <metrics statements="23" coveredstatements="23" conditionals="23" coveredconditionals="20" methods="3" coveredmethods="3"/>
        <line num="7" count="19" type="cond" truecount="2" falsecount="0"/>
        <line num="8" count="19" type="cond" truecount="2" falsecount="0"/>
        <line num="9" count="19" type="cond" truecount="2" falsecount="0"/>
        <line num="11" count="19" type="cond" truecount="2" falsecount="0"/>
        <line num="13" count="19" type="stmt"/>
        <line num="14" count="3" type="cond" truecount="2" falsecount="0"/>
        <line num="15" count="1" type="stmt"/>
        <line num="18" count="2" type="stmt"/>
        <line num="19" count="2" type="stmt"/>
        <line num="20" count="2" type="stmt"/>
        <line num="21" count="19" type="cond" truecount="2" falsecount="0"/>
        <line num="23" count="19" type="cond" truecount="1" falsecount="1"/>
        <line num="24" count="10" type="stmt"/>
        <line num="25" count="10" type="cond" truecount="1" falsecount="1"/>
        <line num="26" count="10" type="cond" truecount="1" falsecount="1"/>
        <line num="27" count="10" type="stmt"/>
        <line num="29" count="10" type="stmt"/>
        <line num="30" count="10" type="stmt"/>
        <line num="32" count="10" type="stmt"/>
        <line num="33" count="10" type="stmt"/>
        <line num="34" count="19" type="cond" truecount="5" falsecount="0"/>
        <line num="35" count="18" type="stmt"/>
        <line num="40" count="19" type="stmt"/>
      </file>
    </package>
    <package name="src.shared.components">
      <metrics statements="27" coveredstatements="25" conditionals="39" coveredconditionals="23" methods="8" coveredmethods="7"/>
      <file name="CustomHeader.tsx" path="C:\Users\elsem\Documents\react-from-zero-to-expert\03-gifs-app\src\shared\components\CustomHeader.tsx">
        <metrics statements="6" coveredstatements="6" conditionals="12" coveredconditionals="7" methods="1" coveredmethods="1"/>
        <line num="6" count="4" type="cond" truecount="1" falsecount="1"/>
        <line num="8" count="4" type="cond" truecount="1" falsecount="1"/>
        <line num="9" count="4" type="cond" truecount="1" falsecount="1"/>
        <line num="11" count="4" type="cond" truecount="2" falsecount="0"/>
        <line num="13" count="4" type="cond" truecount="2" falsecount="2"/>
        <line num="15" count="4" type="stmt"/>
      </file>
      <file name="SearchBar.tsx" path="C:\Users\elsem\Documents\react-from-zero-to-expert\03-gifs-app\src\shared\components\SearchBar.tsx">
        <metrics statements="21" coveredstatements="19" conditionals="27" coveredconditionals="16" methods="7" coveredmethods="6"/>
        <line num="8" count="12" type="cond" truecount="2" falsecount="0"/>
        <line num="9" count="12" type="cond" truecount="3" falsecount="1"/>
        <line num="11" count="12" type="stmt"/>
        <line num="12" count="12" type="stmt"/>
        <line num="13" count="2" type="stmt"/>
        <line num="14" count="12" type="stmt"/>
        <line num="17" count="12" type="stmt"/>
        <line num="19" count="12" type="cond" truecount="3" falsecount="1"/>
        <line num="21" count="12" type="stmt"/>
        <line num="22" count="1" type="stmt"/>
        <line num="24" count="12" type="cond" truecount="1" falsecount="1"/>
        <line num="26" count="12" type="stmt"/>
        <line num="27" count="0" type="cond" truecount="0" falsecount="2"/>
        <line num="28" count="0" type="stmt"/>
        <line num="30" count="12" type="cond" truecount="2" falsecount="0"/>
        <line num="33" count="12" type="stmt"/>
        <line num="34" count="12" type="stmt"/>
        <line num="38" count="12" type="cond" truecount="2" falsecount="3"/>
        <line num="40" count="12" type="cond" truecount="1" falsecount="1"/>
        <line num="41" count="12" type="cond" truecount="2" falsecount="2"/>
        <line num="42" count="12" type="stmt"/>
      </file>
    </package>
    <package name="tests.mocks">
      <metrics statements="1" coveredstatements="1" conditionals="0" coveredconditionals="0" methods="0" coveredmethods="0"/>
      <file name="giphy.response.data.ts" path="C:\Users\elsem\Documents\react-from-zero-to-expert\03-gifs-app\tests\mocks\giphy.response.data.ts">
        <metrics statements="1" coveredstatements="1" conditionals="0" coveredconditionals="0" methods="0" coveredmethods="0"/>
        <line num="1" count="1" type="stmt"/>
      </file>
    </package>
  </project>
</coverage>
