{"C:\\Users\\elsem\\Documents\\react-from-zero-to-expert\\03-gifs-app\\src\\GifApp.tsx": {"path":"C:\\Users\\elsem\\Documents\\react-from-zero-to-expert\\03-gifs-app\\src\\GifApp.tsx","statementMap":{"0":{"start":{"line":7,"column":13},"end":{"line":23,"column":null}},"1":{"start":{"line":7,"column":22},"end":{"line":7,"column":null}},"2":{"start":{"line":8,"column":4},"end":{"line":8,"column":79}},"3":{"start":{"line":8,"column":79},"end":{"line":12,"column":null}},"4":{"start":{"line":12,"column":12},"end":{"line":12,"column":103}},"5":{"start":{"line":12,"column":103},"end":{"line":12,"column":null}},"6":{"start":{"line":12,"column":103},"end":{"line":16,"column":null}},"7":{"start":{"line":13,"column":12},"end":{"line":15,"column":null}},"8":{"start":{"line":16,"column":14},"end":{"line":16,"column":null}},"9":{"start":{"line":16,"column":14},"end":{"line":21,"column":null}},"10":{"start":{"line":17,"column":12},"end":{"line":20,"column":null}},"11":{"start":{"line":21,"column":14},"end":{"line":21,"column":null}},"12":{"start":{"line":21,"column":14},"end":{"line":22,"column":null}},"13":{"start":{"line":22,"column":12},"end":{"line":22,"column":35}},"14":{"start":{"line":22,"column":35},"end":{"line":22,"column":null}},"15":{"start":{"line":22,"column":35},"end":{"line":23,"column":null}},"16":{"start":{"line":11,"column":8},"end":{"line":22,"column":null}},"17":{"start":{"line":23,"column":11},"end":{"line":23,"column":null}},"18":{"start":{"line":23,"column":11},"end":{"line":11,"column":null}}},"fnMap":{"0":{"name":"(anonymous_0)","decl":{"start":{"line":7,"column":13},"end":{"line":7,"column":22}},"loc":{"start":{"line":7,"column":22},"end":{"line":23,"column":null}},"line":7}},"branchMap":{"0":{"loc":{"start":{"line":8,"column":79},"end":{"line":12,"column":null}},"type":"if","locations":[{"start":{"line":8,"column":79},"end":{"line":12,"column":null}},{"start":{"line":12,"column":103},"end":{"line":12,"column":null}}],"line":8},"1":{"loc":{"start":{"line":12,"column":103},"end":{"line":16,"column":null}},"type":"if","locations":[{"start":{"line":12,"column":103},"end":{"line":16,"column":null}},{"start":{"line":16,"column":14},"end":{"line":16,"column":null}}],"line":12},"2":{"loc":{"start":{"line":16,"column":14},"end":{"line":21,"column":null}},"type":"if","locations":[{"start":{"line":16,"column":14},"end":{"line":21,"column":null}},{"start":{"line":21,"column":14},"end":{"line":21,"column":null}}],"line":16},"3":{"loc":{"start":{"line":16,"column":14},"end":{"line":16,"column":null}},"type":"binary-expr","locations":[{"start":{"line":16,"column":14},"end":{"line":16,"column":null}},{"start":{"line":16,"column":14},"end":{"line":16,"column":null}}],"line":16},"4":{"loc":{"start":{"line":21,"column":14},"end":{"line":22,"column":null}},"type":"if","locations":[{"start":{"line":21,"column":14},"end":{"line":22,"column":null}},{"start":{"line":22,"column":35},"end":{"line":22,"column":null}}],"line":21},"5":{"loc":{"start":{"line":22,"column":35},"end":{"line":23,"column":null}},"type":"if","locations":[{"start":{"line":22,"column":35},"end":{"line":23,"column":null}},{"start":{"line":23,"column":11},"end":{"line":23,"column":null}}],"line":22},"6":{"loc":{"start":{"line":22,"column":35},"end":{"line":22,"column":null}},"type":"binary-expr","locations":[{"start":{"line":22,"column":35},"end":{"line":22,"column":null}},{"start":{"line":22,"column":35},"end":{"line":22,"column":null}},{"start":{"line":22,"column":35},"end":{"line":22,"column":null}}],"line":22}},"s":{"0":1,"1":1,"2":1,"3":1,"4":1,"5":0,"6":1,"7":1,"8":0,"9":1,"10":1,"11":0,"12":1,"13":1,"14":0,"15":1,"16":1,"17":0,"18":1},"f":{"0":1},"b":{"0":[1,0],"1":[1,0],"2":[1,0],"3":[1,0],"4":[1,0],"5":[1,0],"6":[1,0,0]},"meta":{"lastBranch":7,"lastFunction":1,"lastStatement":19,"seen":{"s:7:13:23:Infinity":0,"f:7:13:7:22":0,"s:7:22:7:Infinity":1,"s:8:4:8:79":2,"b:8:79:12:Infinity:12:103:12:Infinity":0,"s:8:79:12:Infinity":3,"s:12:12:12:103":4,"s:12:103:12:Infinity":5,"b:12:103:16:Infinity:16:14:16:Infinity":1,"s:12:103:16:Infinity":6,"s:13:12:15:Infinity":7,"s:16:14:16:Infinity":8,"b:16:14:21:Infinity:21:14:21:Infinity":2,"s:16:14:21:Infinity":9,"b:16:14:16:Infinity:16:14:16:Infinity":3,"s:17:12:20:Infinity":10,"s:21:14:21:Infinity":11,"b:21:14:22:Infinity:22:35:22:Infinity":4,"s:21:14:22:Infinity":12,"s:22:12:22:35":13,"s:22:35:22:Infinity":14,"b:22:35:23:Infinity:23:11:23:Infinity":5,"s:22:35:23:Infinity":15,"b:22:35:22:Infinity:22:35:22:Infinity:22:35:22:Infinity":6,"s:11:8:22:Infinity":16,"s:23:11:23:Infinity":17,"s:23:11:11:Infinity":18},"fnNames":{}}}
,"C:\\Users\\elsem\\Documents\\react-from-zero-to-expert\\03-gifs-app\\src\\counter\\components\\MyCounterApp.tsx": {"path":"C:\\Users\\elsem\\Documents\\react-from-zero-to-expert\\03-gifs-app\\src\\counter\\components\\MyCounterApp.tsx","statementMap":{"0":{"start":{"line":3,"column":13},"end":{"line":15,"column":null}},"1":{"start":{"line":3,"column":28},"end":{"line":3,"column":null}},"2":{"start":{"line":4,"column":4},"end":{"line":4,"column":77}},"3":{"start":{"line":4,"column":77},"end":{"line":7,"column":null}},"4":{"start":{"line":7,"column":20},"end":{"line":7,"column":86}},"5":{"start":{"line":7,"column":86},"end":{"line":7,"column":null}},"6":{"start":{"line":7,"column":86},"end":{"line":8,"column":null}},"7":{"start":{"line":8,"column":12},"end":{"line":8,"column":null}},"8":{"start":{"line":8,"column":39},"end":{"line":8,"column":null}},"9":{"start":{"line":8,"column":39},"end":{"line":10,"column":null}},"10":{"start":{"line":10,"column":24},"end":{"line":10,"column":56}},"11":{"start":{"line":10,"column":56},"end":{"line":10,"column":null}},"12":{"start":{"line":10,"column":56},"end":{"line":11,"column":null}},"13":{"start":{"line":11,"column":16},"end":{"line":11,"column":null}},"14":{"start":{"line":11,"column":55},"end":{"line":11,"column":null}},"15":{"start":{"line":11,"column":55},"end":{"line":12,"column":null}},"16":{"start":{"line":12,"column":16},"end":{"line":12,"column":null}},"17":{"start":{"line":12,"column":60},"end":{"line":12,"column":null}},"18":{"start":{"line":12,"column":60},"end":{"line":13,"column":null}},"19":{"start":{"line":13,"column":16},"end":{"line":13,"column":null}},"20":{"start":{"line":13,"column":60},"end":{"line":13,"column":null}},"21":{"start":{"line":13,"column":60},"end":{"line":14,"column":null}},"22":{"start":{"line":10,"column":12},"end":{"line":14,"column":null}},"23":{"start":{"line":14,"column":18},"end":{"line":14,"column":null}},"24":{"start":{"line":14,"column":18},"end":{"line":15,"column":null}},"25":{"start":{"line":7,"column":8},"end":{"line":15,"column":null}},"26":{"start":{"line":15,"column":14},"end":{"line":15,"column":null}},"27":{"start":{"line":15,"column":14},"end":{"line":7,"column":20}}},"fnMap":{"0":{"name":"(anonymous_0)","decl":{"start":{"line":3,"column":13},"end":{"line":3,"column":28}},"loc":{"start":{"line":3,"column":28},"end":{"line":15,"column":null}},"line":3}},"branchMap":{"0":{"loc":{"start":{"line":4,"column":77},"end":{"line":7,"column":null}},"type":"if","locations":[{"start":{"line":4,"column":77},"end":{"line":7,"column":null}},{"start":{"line":7,"column":86},"end":{"line":7,"column":null}}],"line":4},"1":{"loc":{"start":{"line":7,"column":86},"end":{"line":8,"column":null}},"type":"if","locations":[{"start":{"line":7,"column":86},"end":{"line":8,"column":null}},{"start":{"line":8,"column":39},"end":{"line":8,"column":null}}],"line":7},"2":{"loc":{"start":{"line":8,"column":39},"end":{"line":10,"column":null}},"type":"if","locations":[{"start":{"line":8,"column":39},"end":{"line":10,"column":null}},{"start":{"line":10,"column":56},"end":{"line":10,"column":null}}],"line":8},"3":{"loc":{"start":{"line":10,"column":56},"end":{"line":11,"column":null}},"type":"if","locations":[{"start":{"line":10,"column":56},"end":{"line":11,"column":null}},{"start":{"line":11,"column":55},"end":{"line":11,"column":null}}],"line":10},"4":{"loc":{"start":{"line":11,"column":55},"end":{"line":12,"column":null}},"type":"if","locations":[{"start":{"line":11,"column":55},"end":{"line":12,"column":null}},{"start":{"line":12,"column":60},"end":{"line":12,"column":null}}],"line":11},"5":{"loc":{"start":{"line":12,"column":60},"end":{"line":13,"column":null}},"type":"if","locations":[{"start":{"line":12,"column":60},"end":{"line":13,"column":null}},{"start":{"line":13,"column":60},"end":{"line":13,"column":null}}],"line":12},"6":{"loc":{"start":{"line":13,"column":60},"end":{"line":14,"column":null}},"type":"if","locations":[{"start":{"line":13,"column":60},"end":{"line":14,"column":null}},{"start":{"line":14,"column":18},"end":{"line":14,"column":null}}],"line":13},"7":{"loc":{"start":{"line":13,"column":60},"end":{"line":13,"column":null}},"type":"binary-expr","locations":[{"start":{"line":13,"column":60},"end":{"line":13,"column":null}},{"start":{"line":13,"column":60},"end":{"line":13,"column":null}},{"start":{"line":13,"column":60},"end":{"line":13,"column":null}}],"line":13},"8":{"loc":{"start":{"line":14,"column":18},"end":{"line":15,"column":null}},"type":"if","locations":[{"start":{"line":14,"column":18},"end":{"line":15,"column":null}},{"start":{"line":15,"column":14},"end":{"line":15,"column":null}}],"line":14},"9":{"loc":{"start":{"line":14,"column":18},"end":{"line":14,"column":null}},"type":"binary-expr","locations":[{"start":{"line":14,"column":18},"end":{"line":14,"column":null}},{"start":{"line":14,"column":18},"end":{"line":14,"column":null}}],"line":14}},"s":{"0":2,"1":5,"2":5,"3":5,"4":4,"5":1,"6":5,"7":5,"8":0,"9":5,"10":4,"11":1,"12":5,"13":5,"14":0,"15":5,"16":5,"17":0,"18":5,"19":4,"20":1,"21":5,"22":5,"23":0,"24":5,"25":5,"26":0,"27":5},"f":{"0":5},"b":{"0":[4,1],"1":[5,0],"2":[4,1],"3":[5,0],"4":[5,0],"5":[4,1],"6":[5,0],"7":[5,0,0],"8":[5,0],"9":[5,0]},"meta":{"lastBranch":10,"lastFunction":1,"lastStatement":28,"seen":{"s:3:13:15:Infinity":0,"f:3:13:3:28":0,"s:3:28:3:Infinity":1,"s:4:4:4:77":2,"b:4:77:7:Infinity:7:86:7:Infinity":0,"s:4:77:7:Infinity":3,"s:7:20:7:86":4,"s:7:86:7:Infinity":5,"b:7:86:8:Infinity:8:39:8:Infinity":1,"s:7:86:8:Infinity":6,"s:8:12:8:Infinity":7,"s:8:39:8:Infinity":8,"b:8:39:10:Infinity:10:56:10:Infinity":2,"s:8:39:10:Infinity":9,"s:10:24:10:56":10,"s:10:56:10:Infinity":11,"b:10:56:11:Infinity:11:55:11:Infinity":3,"s:10:56:11:Infinity":12,"s:11:16:11:Infinity":13,"s:11:55:11:Infinity":14,"b:11:55:12:Infinity:12:60:12:Infinity":4,"s:11:55:12:Infinity":15,"s:12:16:12:Infinity":16,"s:12:60:12:Infinity":17,"b:12:60:13:Infinity:13:60:13:Infinity":5,"s:12:60:13:Infinity":18,"s:13:16:13:Infinity":19,"s:13:60:13:Infinity":20,"b:13:60:14:Infinity:14:18:14:Infinity":6,"s:13:60:14:Infinity":21,"b:13:60:13:Infinity:13:60:13:Infinity:13:60:13:Infinity":7,"s:10:12:14:Infinity":22,"s:14:18:14:Infinity":23,"b:14:18:15:Infinity:15:14:15:Infinity":8,"s:14:18:15:Infinity":24,"b:14:18:14:Infinity:14:18:14:Infinity":9,"s:7:8:15:Infinity":25,"s:15:14:15:Infinity":26,"s:15:14:7:20":27},"fnNames":{}}}
,"C:\\Users\\elsem\\Documents\\react-from-zero-to-expert\\03-gifs-app\\src\\counter\\hooks\\useCounter.tsx": {"path":"C:\\Users\\elsem\\Documents\\react-from-zero-to-expert\\03-gifs-app\\src\\counter\\hooks\\useCounter.tsx","statementMap":{"0":{"start":{"line":3,"column":13},"end":{"line":28,"column":null}},"1":{"start":{"line":3,"column":26},"end":{"line":3,"column":27}},"2":{"start":{"line":3,"column":27},"end":{"line":3,"column":null}},"3":{"start":{"line":4,"column":4},"end":{"line":4,"column":57}},"4":{"start":{"line":4,"column":57},"end":{"line":8,"column":null}},"5":{"start":{"line":6,"column":22},"end":{"line":7,"column":null}},"6":{"start":{"line":7,"column":8},"end":{"line":7,"column":31}},"7":{"start":{"line":8,"column":5},"end":{"line":8,"column":null}},"8":{"start":{"line":6,"column":22},"end":{"line":6,"column":null}},"9":{"start":{"line":8,"column":5},"end":{"line":14,"column":null}},"10":{"start":{"line":10,"column":27},"end":{"line":13,"column":null}},"11":{"start":{"line":11,"column":8},"end":{"line":12,"column":null}},"12":{"start":{"line":12,"column":12},"end":{"line":12,"column":52}},"13":{"start":{"line":14,"column":5},"end":{"line":14,"column":null}},"14":{"start":{"line":10,"column":27},"end":{"line":10,"column":null}},"15":{"start":{"line":14,"column":5},"end":{"line":18,"column":null}},"16":{"start":{"line":16,"column":24},"end":{"line":17,"column":null}},"17":{"start":{"line":17,"column":8},"end":{"line":17,"column":32}},"18":{"start":{"line":18,"column":5},"end":{"line":18,"column":null}},"19":{"start":{"line":16,"column":24},"end":{"line":16,"column":null}},"20":{"start":{"line":18,"column":5},"end":{"line":28,"column":null}},"21":{"start":{"line":20,"column":11},"end":{"line":28,"column":5}},"22":{"start":{"line":28,"column":5},"end":{"line":28,"column":null}},"23":{"start":{"line":28,"column":5},"end":{"line":20,"column":null}},"24":{"start":{"line":3,"column":26},"end":{"line":12,"column":51}}},"fnMap":{"0":{"name":"(anonymous_0)","decl":{"start":{"line":3,"column":13},"end":{"line":3,"column":26}},"loc":{"start":{"line":3,"column":26},"end":{"line":28,"column":null}},"line":3},"1":{"name":"(anonymous_1)","decl":{"start":{"line":6,"column":22},"end":{"line":6,"column":null}},"loc":{"start":{"line":6,"column":22},"end":{"line":7,"column":null}},"line":6},"2":{"name":"(anonymous_2)","decl":{"start":{"line":10,"column":27},"end":{"line":10,"column":null}},"loc":{"start":{"line":10,"column":27},"end":{"line":13,"column":null}},"line":10},"3":{"name":"(anonymous_3)","decl":{"start":{"line":16,"column":24},"end":{"line":16,"column":null}},"loc":{"start":{"line":16,"column":24},"end":{"line":17,"column":null}},"line":16},"4":{"name":"_temp","decl":{"start":{"line":3,"column":26},"end":{"line":3,"column":27}},"loc":{"start":{"line":3,"column":26},"end":{"line":12,"column":52}},"line":3}},"branchMap":{"0":{"loc":{"start":{"line":3,"column":27},"end":{"line":3,"column":null}},"type":"cond-expr","locations":[{"start":{"line":3,"column":27},"end":{"line":3,"column":null}},{"start":{"line":3,"column":27},"end":{"line":3,"column":null}}],"line":3},"1":{"loc":{"start":{"line":4,"column":57},"end":{"line":8,"column":null}},"type":"if","locations":[{"start":{"line":4,"column":57},"end":{"line":8,"column":null}},{"start":{"line":8,"column":5},"end":{"line":8,"column":null}}],"line":4},"2":{"loc":{"start":{"line":8,"column":5},"end":{"line":14,"column":null}},"type":"if","locations":[{"start":{"line":8,"column":5},"end":{"line":14,"column":null}},{"start":{"line":14,"column":5},"end":{"line":14,"column":null}}],"line":8},"3":{"loc":{"start":{"line":11,"column":8},"end":{"line":12,"column":null}},"type":"if","locations":[{"start":{"line":11,"column":8},"end":{"line":12,"column":null}},{"start":{},"end":{}}],"line":11},"4":{"loc":{"start":{"line":14,"column":5},"end":{"line":18,"column":null}},"type":"if","locations":[{"start":{"line":14,"column":5},"end":{"line":18,"column":null}},{"start":{"line":18,"column":5},"end":{"line":18,"column":null}}],"line":14},"5":{"loc":{"start":{"line":18,"column":5},"end":{"line":28,"column":null}},"type":"if","locations":[{"start":{"line":18,"column":5},"end":{"line":28,"column":null}},{"start":{"line":28,"column":5},"end":{"line":28,"column":null}}],"line":18},"6":{"loc":{"start":{"line":18,"column":5},"end":{"line":18,"column":null}},"type":"binary-expr","locations":[{"start":{"line":18,"column":5},"end":{"line":18,"column":null}},{"start":{"line":18,"column":5},"end":{"line":18,"column":null}},{"start":{"line":18,"column":5},"end":{"line":18,"column":null}},{"start":{"line":18,"column":5},"end":{"line":18,"column":null}}],"line":18}},"s":{"0":2,"1":13,"2":13,"3":13,"4":13,"5":13,"6":2,"7":0,"8":13,"9":13,"10":13,"11":3,"12":3,"13":0,"14":13,"15":13,"16":7,"17":1,"18":6,"19":13,"20":13,"21":13,"22":0,"23":13,"24":3},"f":{"0":13,"1":2,"2":3,"3":1,"4":3},"b":{"0":[12,1],"1":[13,0],"2":[13,0],"3":[3,0],"4":[7,6],"5":[13,0],"6":[13,0,0,0]},"meta":{"lastBranch":7,"lastFunction":5,"lastStatement":25,"seen":{"s:3:13:28:Infinity":0,"f:3:13:3:26":0,"s:3:26:3:27":1,"s:3:27:3:Infinity":2,"b:3:27:3:Infinity:3:27:3:Infinity":0,"s:4:4:4:57":3,"b:4:57:8:Infinity:8:5:8:Infinity":1,"s:4:57:8:Infinity":4,"s:6:22:7:Infinity":5,"f:6:22:6:Infinity":1,"s:7:8:7:31":6,"s:8:5:8:Infinity":7,"s:6:22:6:Infinity":8,"b:8:5:14:Infinity:14:5:14:Infinity":2,"s:8:5:14:Infinity":9,"s:10:27:13:Infinity":10,"f:10:27:10:Infinity":2,"b:11:8:12:Infinity:undefined:undefined:undefined:undefined":3,"s:11:8:12:Infinity":11,"s:12:12:12:52":12,"s:14:5:14:Infinity":13,"s:10:27:10:Infinity":14,"b:14:5:18:Infinity:18:5:18:Infinity":4,"s:14:5:18:Infinity":15,"s:16:24:17:Infinity":16,"f:16:24:16:Infinity":3,"s:17:8:17:32":17,"s:18:5:18:Infinity":18,"s:16:24:16:Infinity":19,"b:18:5:28:Infinity:28:5:28:Infinity":5,"s:18:5:28:Infinity":20,"b:18:5:18:Infinity:18:5:18:Infinity:18:5:18:Infinity:18:5:18:Infinity":6,"s:20:11:28:5":21,"s:28:5:28:Infinity":22,"s:28:5:20:Infinity":23,"f:3:26:3:27":4,"s:3:26:12:51":24},"fnNames":{}}}
,"C:\\Users\\elsem\\Documents\\react-from-zero-to-expert\\03-gifs-app\\src\\gifs\\actions\\get-gifs-by-query.actions.ts": {"path":"C:\\Users\\elsem\\Documents\\react-from-zero-to-expert\\03-gifs-app\\src\\gifs\\actions\\get-gifs-by-query.actions.ts","statementMap":{"0":{"start":{"line":5,"column":30},"end":{"line":29,"column":null}},"1":{"start":{"line":6,"column":4},"end":{"line":8,"column":null}},"2":{"start":{"line":7,"column":8},"end":{"line":7,"column":null}},"3":{"start":{"line":10,"column":4},"end":{"line":28,"column":null}},"4":{"start":{"line":11,"column":25},"end":{"line":16,"column":null}},"5":{"start":{"line":18,"column":8},"end":{"line":24,"column":null}},"6":{"start":{"line":18,"column":48},"end":{"line":24,"column":10}},"7":{"start":{"line":26,"column":8},"end":{"line":26,"column":null}},"8":{"start":{"line":27,"column":8},"end":{"line":27,"column":null}}},"fnMap":{"0":{"name":"(anonymous_0)","decl":{"start":{"line":5,"column":30},"end":{"line":5,"column":37}},"loc":{"start":{"line":5,"column":71},"end":{"line":29,"column":null}},"line":5},"1":{"name":"(anonymous_1)","decl":{"start":{"line":18,"column":34},"end":{"line":18,"column":39}},"loc":{"start":{"line":18,"column":48},"end":{"line":24,"column":10}},"line":18}},"branchMap":{"0":{"loc":{"start":{"line":6,"column":4},"end":{"line":8,"column":null}},"type":"if","locations":[{"start":{"line":6,"column":4},"end":{"line":8,"column":null}},{"start":{},"end":{}}],"line":6}},"s":{"0":3,"1":6,"2":1,"3":5,"4":5,"5":4,"6":40,"7":1,"8":1},"f":{"0":6,"1":40},"b":{"0":[1,5]},"meta":{"lastBranch":1,"lastFunction":2,"lastStatement":9,"seen":{"s:5:30:29:Infinity":0,"f:5:30:5:37":0,"b:6:4:8:Infinity:undefined:undefined:undefined:undefined":0,"s:6:4:8:Infinity":1,"s:7:8:7:Infinity":2,"s:10:4:28:Infinity":3,"s:11:25:16:Infinity":4,"s:18:8:24:Infinity":5,"f:18:34:18:39":1,"s:18:48:24:10":6,"s:26:8:26:Infinity":7,"s:27:8:27:Infinity":8},"fnNames":{}}}
,"C:\\Users\\elsem\\Documents\\react-from-zero-to-expert\\03-gifs-app\\src\\gifs\\api\\giphy.api.ts": {"path":"C:\\Users\\elsem\\Documents\\react-from-zero-to-expert\\03-gifs-app\\src\\gifs\\api\\giphy.api.ts","statementMap":{"0":{"start":{"line":4,"column":24},"end":{"line":10,"column":null}}},"fnMap":{},"branchMap":{},"s":{"0":4},"f":{},"b":{},"meta":{"lastBranch":0,"lastFunction":0,"lastStatement":1,"seen":{"s:4:24:10:Infinity":0},"fnNames":{}}}
,"C:\\Users\\elsem\\Documents\\react-from-zero-to-expert\\03-gifs-app\\src\\gifs\\components\\GifList.tsx": {"path":"C:\\Users\\elsem\\Documents\\react-from-zero-to-expert\\03-gifs-app\\src\\gifs\\components\\GifList.tsx","statementMap":{"0":{"start":{"line":8,"column":13},"end":{"line":18,"column":null}},"1":{"start":{"line":8,"column":34},"end":{"line":8,"column":35}},"2":{"start":{"line":8,"column":35},"end":{"line":8,"column":43}},"3":{"start":{"line":8,"column":43},"end":{"line":17,"column":null}},"4":{"start":{"line":11,"column":13},"end":{"line":17,"column":14}},"5":{"start":{"line":17,"column":14},"end":{"line":17,"column":null}},"6":{"start":{"line":17,"column":14},"end":{"line":18,"column":null}},"7":{"start":{"line":10,"column":8},"end":{"line":18,"column":null}},"8":{"start":{"line":18,"column":14},"end":{"line":18,"column":null}},"9":{"start":{"line":18,"column":14},"end":{"line":10,"column":23}},"10":{"start":{"line":8,"column":34},"end":{"line":16,"column":null}}},"fnMap":{"0":{"name":"(anonymous_0)","decl":{"start":{"line":8,"column":13},"end":{"line":8,"column":34}},"loc":{"start":{"line":8,"column":34},"end":{"line":18,"column":null}},"line":8},"1":{"name":"_temp","decl":{"start":{"line":8,"column":34},"end":{"line":8,"column":35}},"loc":{"start":{"line":8,"column":34},"end":{"line":16,"column":null}},"line":8}},"branchMap":{"0":{"loc":{"start":{"line":8,"column":43},"end":{"line":17,"column":null}},"type":"if","locations":[{"start":{"line":8,"column":43},"end":{"line":17,"column":null}},{"start":{"line":17,"column":14},"end":{"line":17,"column":null}}],"line":8},"1":{"loc":{"start":{"line":17,"column":14},"end":{"line":18,"column":null}},"type":"if","locations":[{"start":{"line":17,"column":14},"end":{"line":18,"column":null}},{"start":{"line":18,"column":14},"end":{"line":18,"column":null}}],"line":17}},"s":{"0":1,"1":1,"2":1,"3":1,"4":1,"5":0,"6":1,"7":1,"8":0,"9":1,"10":0},"f":{"0":1,"1":0},"b":{"0":[1,0],"1":[1,0]},"meta":{"lastBranch":2,"lastFunction":2,"lastStatement":11,"seen":{"s:8:13:18:Infinity":0,"f:8:13:8:34":0,"s:8:34:8:35":1,"s:8:35:8:43":2,"b:8:43:17:Infinity:17:14:17:Infinity":0,"s:8:43:17:Infinity":3,"s:11:13:17:14":4,"s:17:14:17:Infinity":5,"b:17:14:18:Infinity:18:14:18:Infinity":1,"s:17:14:18:Infinity":6,"s:10:8:18:Infinity":7,"s:18:14:18:Infinity":8,"s:18:14:10:23":9,"f:8:34:8:35":1,"s:8:34:16:Infinity":10},"fnNames":{}}}
,"C:\\Users\\elsem\\Documents\\react-from-zero-to-expert\\03-gifs-app\\src\\gifs\\components\\PreviousSearches.tsx": {"path":"C:\\Users\\elsem\\Documents\\react-from-zero-to-expert\\03-gifs-app\\src\\gifs\\components\\PreviousSearches.tsx","statementMap":{"0":{"start":{"line":7,"column":13},"end":{"line":20,"column":null}},"1":{"start":{"line":7,"column":32},"end":{"line":7,"column":33}},"2":{"start":{"line":7,"column":33},"end":{"line":7,"column":91}},"3":{"start":{"line":7,"column":91},"end":{"line":10,"column":null}},"4":{"start":{"line":10,"column":12},"end":{"line":10,"column":null}},"5":{"start":{"line":10,"column":28},"end":{"line":10,"column":null}},"6":{"start":{"line":10,"column":28},"end":{"line":17,"column":null}},"7":{"start":{"line":10,"column":28},"end":{"line":17,"column":22}},"8":{"start":{"line":13,"column":33},"end":{"line":16,"column":null}},"9":{"start":{"line":14,"column":24},"end":{"line":16,"column":null}},"10":{"start":{"line":16,"column":43},"end":{"line":16,"column":66}},"11":{"start":{"line":17,"column":21},"end":{"line":17,"column":22}},"12":{"start":{"line":13,"column":20},"end":{"line":17,"column":22}},"13":{"start":{"line":17,"column":22},"end":{"line":17,"column":null}},"14":{"start":{"line":17,"column":22},"end":{"line":19,"column":null}},"15":{"start":{"line":11,"column":12},"end":{"line":19,"column":null}},"16":{"start":{"line":19,"column":17},"end":{"line":19,"column":null}},"17":{"start":{"line":19,"column":17},"end":{"line":20,"column":null}},"18":{"start":{"line":9,"column":8},"end":{"line":20,"column":null}},"19":{"start":{"line":20,"column":14},"end":{"line":20,"column":null}},"20":{"start":{"line":20,"column":14},"end":{"line":9,"column":23}}},"fnMap":{"0":{"name":"(anonymous_0)","decl":{"start":{"line":7,"column":13},"end":{"line":7,"column":32}},"loc":{"start":{"line":7,"column":32},"end":{"line":20,"column":null}},"line":7},"1":{"name":"(anonymous_1)","decl":{"start":{"line":13,"column":33},"end":{"line":13,"column":null}},"loc":{"start":{"line":14,"column":24},"end":{"line":16,"column":null}},"line":14},"2":{"name":"(anonymous_2)","decl":{"start":{"line":16,"column":37},"end":{"line":16,"column":43}},"loc":{"start":{"line":16,"column":43},"end":{"line":16,"column":66}},"line":16}},"branchMap":{"0":{"loc":{"start":{"line":7,"column":91},"end":{"line":10,"column":null}},"type":"if","locations":[{"start":{"line":7,"column":91},"end":{"line":10,"column":null}},{"start":{"line":10,"column":28},"end":{"line":10,"column":null}}],"line":7},"1":{"loc":{"start":{"line":10,"column":28},"end":{"line":17,"column":null}},"type":"if","locations":[{"start":{"line":10,"column":28},"end":{"line":17,"column":null}},{"start":{"line":17,"column":22},"end":{"line":17,"column":null}}],"line":10},"2":{"loc":{"start":{"line":10,"column":28},"end":{"line":10,"column":null}},"type":"binary-expr","locations":[{"start":{"line":10,"column":28},"end":{"line":10,"column":null}},{"start":{"line":10,"column":28},"end":{"line":10,"column":null}}],"line":10},"3":{"loc":{"start":{"line":10,"column":28},"end":{"line":17,"column":22}},"type":"if","locations":[{"start":{"line":10,"column":28},"end":{"line":17,"column":22}},{"start":{"line":17,"column":21},"end":{"line":17,"column":22}}],"line":10},"4":{"loc":{"start":{"line":17,"column":22},"end":{"line":19,"column":null}},"type":"if","locations":[{"start":{"line":17,"column":22},"end":{"line":19,"column":null}},{"start":{"line":19,"column":17},"end":{"line":19,"column":null}}],"line":17},"5":{"loc":{"start":{"line":19,"column":17},"end":{"line":20,"column":null}},"type":"if","locations":[{"start":{"line":19,"column":17},"end":{"line":20,"column":null}},{"start":{"line":20,"column":14},"end":{"line":20,"column":null}}],"line":19},"6":{"loc":{"start":{"line":19,"column":17},"end":{"line":19,"column":null}},"type":"binary-expr","locations":[{"start":{"line":19,"column":17},"end":{"line":19,"column":null}},{"start":{"line":19,"column":17},"end":{"line":19,"column":null}}],"line":19}},"s":{"0":1,"1":1,"2":1,"3":1,"4":1,"5":0,"6":1,"7":1,"8":1,"9":0,"10":0,"11":0,"12":1,"13":0,"14":1,"15":1,"16":0,"17":1,"18":1,"19":0,"20":1},"f":{"0":1,"1":0,"2":0},"b":{"0":[1,0],"1":[1,0],"2":[1,0],"3":[1,0],"4":[1,0],"5":[1,0],"6":[1,0]},"meta":{"lastBranch":7,"lastFunction":3,"lastStatement":21,"seen":{"s:7:13:20:Infinity":0,"f:7:13:7:32":0,"s:7:32:7:33":1,"s:7:33:7:91":2,"b:7:91:10:Infinity:10:28:10:Infinity":0,"s:7:91:10:Infinity":3,"s:10:12:10:Infinity":4,"s:10:28:10:Infinity":5,"b:10:28:17:Infinity:17:22:17:Infinity":1,"s:10:28:17:Infinity":6,"b:10:28:10:Infinity:10:28:10:Infinity":2,"b:10:28:17:22:17:21:17:22":3,"s:10:28:17:22":7,"s:13:33:16:Infinity":8,"f:13:33:13:Infinity":1,"s:14:24:16:Infinity":9,"f:16:37:16:43":2,"s:16:43:16:66":10,"s:17:21:17:22":11,"s:13:20:17:22":12,"s:17:22:17:Infinity":13,"b:17:22:19:Infinity:19:17:19:Infinity":4,"s:17:22:19:Infinity":14,"s:11:12:19:Infinity":15,"s:19:17:19:Infinity":16,"b:19:17:20:Infinity:20:14:20:Infinity":5,"s:19:17:20:Infinity":17,"b:19:17:19:Infinity:19:17:19:Infinity":6,"s:9:8:20:Infinity":18,"s:20:14:20:Infinity":19,"s:20:14:9:23":20},"fnNames":{}}}
,"C:\\Users\\elsem\\Documents\\react-from-zero-to-expert\\03-gifs-app\\src\\gifs\\hooks\\useGifs.tsx": {"path":"C:\\Users\\elsem\\Documents\\react-from-zero-to-expert\\03-gifs-app\\src\\gifs\\hooks\\useGifs.tsx","statementMap":{"0":{"start":{"line":7,"column":13},"end":{"line":40,"column":null}},"1":{"start":{"line":7,"column":23},"end":{"line":7,"column":null}},"2":{"start":{"line":7,"column":23},"end":{"line":8,"column":48}},"3":{"start":{"line":8,"column":44},"end":{"line":8,"column":46}},"4":{"start":{"line":8,"column":46},"end":{"line":8,"column":48}},"5":{"start":{"line":8,"column":4},"end":{"line":8,"column":48}},"6":{"start":{"line":8,"column":48},"end":{"line":9,"column":69}},"7":{"start":{"line":9,"column":65},"end":{"line":9,"column":67}},"8":{"start":{"line":9,"column":67},"end":{"line":9,"column":69}},"9":{"start":{"line":9,"column":4},"end":{"line":9,"column":69}},"10":{"start":{"line":9,"column":69},"end":{"line":11,"column":56}},"11":{"start":{"line":11,"column":52},"end":{"line":11,"column":54}},"12":{"start":{"line":11,"column":54},"end":{"line":11,"column":56}},"13":{"start":{"line":11,"column":4},"end":{"line":11,"column":56}},"14":{"start":{"line":11,"column":56},"end":{"line":21,"column":6}},"15":{"start":{"line":13,"column":30},"end":{"line":20,"column":34}},"16":{"start":{"line":14,"column":8},"end":{"line":15,"column":null}},"17":{"start":{"line":15,"column":12},"end":{"line":15,"column":44}},"18":{"start":{"line":15,"column":44},"end":{"line":15,"column":null}},"19":{"start":{"line":18,"column":21},"end":{"line":18,"column":null}},"20":{"start":{"line":19,"column":8},"end":{"line":19,"column":null}},"21":{"start":{"line":20,"column":8},"end":{"line":20,"column":null}},"22":{"start":{"line":21,"column":5},"end":{"line":21,"column":6}},"23":{"start":{"line":13,"column":30},"end":{"line":13,"column":null}},"24":{"start":{"line":21,"column":6},"end":{"line":34,"column":null}},"25":{"start":{"line":23,"column":25},"end":{"line":33,"column":null}},"26":{"start":{"line":23,"column":32},"end":{"line":23,"column":null}},"27":{"start":{"line":24,"column":21},"end":{"line":24,"column":null}},"28":{"start":{"line":25,"column":8},"end":{"line":25,"column":null}},"29":{"start":{"line":25,"column":29},"end":{"line":25,"column":null}},"30":{"start":{"line":26,"column":8},"end":{"line":26,"column":null}},"31":{"start":{"line":26,"column":40},"end":{"line":26,"column":null}},"32":{"start":{"line":27,"column":8},"end":{"line":27,"column":null}},"33":{"start":{"line":29,"column":21},"end":{"line":29,"column":null}},"34":{"start":{"line":30,"column":8},"end":{"line":30,"column":null}},"35":{"start":{"line":32,"column":8},"end":{"line":32,"column":null}},"36":{"start":{"line":33,"column":8},"end":{"line":33,"column":38}},"37":{"start":{"line":34,"column":5},"end":{"line":34,"column":null}},"38":{"start":{"line":23,"column":25},"end":{"line":23,"column":32}},"39":{"start":{"line":34,"column":5},"end":{"line":40,"column":null}},"40":{"start":{"line":35,"column":11},"end":{"line":40,"column":5}},"41":{"start":{"line":40,"column":5},"end":{"line":40,"column":null}},"42":{"start":{"line":40,"column":5},"end":{"line":35,"column":null}}},"fnMap":{"0":{"name":"(anonymous_0)","decl":{"start":{"line":7,"column":13},"end":{"line":7,"column":23}},"loc":{"start":{"line":7,"column":23},"end":{"line":40,"column":null}},"line":7},"1":{"name":"(anonymous_1)","decl":{"start":{"line":13,"column":30},"end":{"line":13,"column":null}},"loc":{"start":{"line":13,"column":30},"end":{"line":20,"column":34}},"line":13},"2":{"name":"(anonymous_2)","decl":{"start":{"line":23,"column":25},"end":{"line":23,"column":32}},"loc":{"start":{"line":23,"column":25},"end":{"line":33,"column":null}},"line":23}},"branchMap":{"0":{"loc":{"start":{"line":7,"column":23},"end":{"line":8,"column":48}},"type":"if","locations":[{"start":{"line":7,"column":23},"end":{"line":8,"column":48}},{"start":{"line":8,"column":46},"end":{"line":8,"column":48}}],"line":7},"1":{"loc":{"start":{"line":8,"column":48},"end":{"line":9,"column":69}},"type":"if","locations":[{"start":{"line":8,"column":48},"end":{"line":9,"column":69}},{"start":{"line":9,"column":67},"end":{"line":9,"column":69}}],"line":8},"2":{"loc":{"start":{"line":9,"column":69},"end":{"line":11,"column":56}},"type":"if","locations":[{"start":{"line":9,"column":69},"end":{"line":11,"column":56}},{"start":{"line":11,"column":54},"end":{"line":11,"column":56}}],"line":9},"3":{"loc":{"start":{"line":11,"column":56},"end":{"line":21,"column":6}},"type":"if","locations":[{"start":{"line":11,"column":56},"end":{"line":21,"column":6}},{"start":{"line":21,"column":5},"end":{"line":21,"column":6}}],"line":11},"4":{"loc":{"start":{"line":14,"column":8},"end":{"line":15,"column":null}},"type":"if","locations":[{"start":{"line":14,"column":8},"end":{"line":15,"column":null}},{"start":{},"end":{}}],"line":14},"5":{"loc":{"start":{"line":21,"column":6},"end":{"line":34,"column":null}},"type":"if","locations":[{"start":{"line":21,"column":6},"end":{"line":34,"column":null}},{"start":{"line":34,"column":5},"end":{"line":34,"column":null}}],"line":21},"6":{"loc":{"start":{"line":23,"column":32},"end":{"line":23,"column":null}},"type":"cond-expr","locations":[{"start":{"line":23,"column":32},"end":{"line":23,"column":null}},{"start":{"line":23,"column":32},"end":{"line":23,"column":null}}],"line":23},"7":{"loc":{"start":{"line":25,"column":8},"end":{"line":25,"column":null}},"type":"if","locations":[{"start":{"line":25,"column":8},"end":{"line":25,"column":null}},{"start":{},"end":{}}],"line":25},"8":{"loc":{"start":{"line":26,"column":8},"end":{"line":26,"column":null}},"type":"if","locations":[{"start":{"line":26,"column":8},"end":{"line":26,"column":null}},{"start":{},"end":{}}],"line":26},"9":{"loc":{"start":{"line":34,"column":5},"end":{"line":40,"column":null}},"type":"if","locations":[{"start":{"line":34,"column":5},"end":{"line":40,"column":null}},{"start":{"line":40,"column":5},"end":{"line":40,"column":null}}],"line":34},"10":{"loc":{"start":{"line":34,"column":5},"end":{"line":34,"column":null}},"type":"binary-expr","locations":[{"start":{"line":34,"column":5},"end":{"line":34,"column":null}},{"start":{"line":34,"column":5},"end":{"line":34,"column":null}},{"start":{"line":34,"column":5},"end":{"line":34,"column":null}}],"line":34}},"s":{"0":2,"1":19,"2":19,"3":6,"4":13,"5":19,"6":19,"7":6,"8":13,"9":19,"10":19,"11":6,"12":13,"13":19,"14":19,"15":6,"16":3,"17":1,"18":1,"19":2,"20":2,"21":2,"22":13,"23":19,"24":19,"25":16,"26":10,"27":10,"28":10,"29":0,"30":10,"31":0,"32":10,"33":10,"34":10,"35":10,"36":10,"37":3,"38":19,"39":19,"40":18,"41":1,"42":19},"f":{"0":19,"1":3,"2":10},"b":{"0":[6,13],"1":[6,13],"2":[6,13],"3":[6,13],"4":[1,2],"5":[16,3],"6":[0,10],"7":[0,10],"8":[0,10],"9":[18,1],"10":[19,9,1]},"meta":{"lastBranch":11,"lastFunction":3,"lastStatement":43,"seen":{"s:7:13:40:Infinity":0,"f:7:13:7:23":0,"s:7:23:7:Infinity":1,"b:7:23:8:48:8:46:8:48":0,"s:7:23:8:48":2,"s:8:44:8:46":3,"s:8:46:8:48":4,"s:8:4:8:48":5,"b:8:48:9:69:9:67:9:69":1,"s:8:48:9:69":6,"s:9:65:9:67":7,"s:9:67:9:69":8,"s:9:4:9:69":9,"b:9:69:11:56:11:54:11:56":2,"s:9:69:11:56":10,"s:11:52:11:54":11,"s:11:54:11:56":12,"s:11:4:11:56":13,"b:11:56:21:6:21:5:21:6":3,"s:11:56:21:6":14,"s:13:30:20:34":15,"f:13:30:13:Infinity":1,"b:14:8:15:Infinity:undefined:undefined:undefined:undefined":4,"s:14:8:15:Infinity":16,"s:15:12:15:44":17,"s:15:44:15:Infinity":18,"s:18:21:18:Infinity":19,"s:19:8:19:Infinity":20,"s:20:8:20:Infinity":21,"s:21:5:21:6":22,"s:13:30:13:Infinity":23,"b:21:6:34:Infinity:34:5:34:Infinity":5,"s:21:6:34:Infinity":24,"s:23:25:33:Infinity":25,"f:23:25:23:32":2,"s:23:32:23:Infinity":26,"b:23:32:23:Infinity:23:32:23:Infinity":6,"s:24:21:24:Infinity":27,"b:25:8:25:Infinity:undefined:undefined:undefined:undefined":7,"s:25:8:25:Infinity":28,"s:25:29:25:Infinity":29,"b:26:8:26:Infinity:undefined:undefined:undefined:undefined":8,"s:26:8:26:Infinity":30,"s:26:40:26:Infinity":31,"s:27:8:27:Infinity":32,"s:29:21:29:Infinity":33,"s:30:8:30:Infinity":34,"s:32:8:32:Infinity":35,"s:33:8:33:38":36,"s:34:5:34:Infinity":37,"s:23:25:23:32":38,"b:34:5:40:Infinity:40:5:40:Infinity":9,"s:34:5:40:Infinity":39,"b:34:5:34:Infinity:34:5:34:Infinity:34:5:34:Infinity":10,"s:35:11:40:5":40,"s:40:5:40:Infinity":41,"s:40:5:35:Infinity":42},"fnNames":{}}}
,"C:\\Users\\elsem\\Documents\\react-from-zero-to-expert\\03-gifs-app\\src\\shared\\components\\CustomHeader.tsx": {"path":"C:\\Users\\elsem\\Documents\\react-from-zero-to-expert\\03-gifs-app\\src\\shared\\components\\CustomHeader.tsx","statementMap":{"0":{"start":{"line":6,"column":13},"end":{"line":15,"column":null}},"1":{"start":{"line":6,"column":28},"end":{"line":6,"column":29}},"2":{"start":{"line":6,"column":29},"end":{"line":6,"column":70}},"3":{"start":{"line":6,"column":70},"end":{"line":8,"column":55}},"4":{"start":{"line":8,"column":20},"end":{"line":8,"column":43}},"5":{"start":{"line":8,"column":43},"end":{"line":8,"column":55}},"6":{"start":{"line":8,"column":43},"end":{"line":9,"column":null}},"7":{"start":{"line":9,"column":12},"end":{"line":9,"column":null}},"8":{"start":{"line":9,"column":28},"end":{"line":9,"column":null}},"9":{"start":{"line":9,"column":28},"end":{"line":13,"column":null}},"10":{"start":{"line":11,"column":16},"end":{"line":12,"column":null}},"11":{"start":{"line":13,"column":17},"end":{"line":13,"column":null}},"12":{"start":{"line":13,"column":17},"end":{"line":15,"column":null}},"13":{"start":{"line":8,"column":8},"end":{"line":15,"column":null}},"14":{"start":{"line":15,"column":14},"end":{"line":15,"column":null}},"15":{"start":{"line":15,"column":14},"end":{"line":8,"column":20}}},"fnMap":{"0":{"name":"(anonymous_0)","decl":{"start":{"line":6,"column":13},"end":{"line":6,"column":28}},"loc":{"start":{"line":6,"column":28},"end":{"line":15,"column":null}},"line":6}},"branchMap":{"0":{"loc":{"start":{"line":6,"column":70},"end":{"line":8,"column":55}},"type":"if","locations":[{"start":{"line":6,"column":70},"end":{"line":8,"column":55}},{"start":{"line":8,"column":43},"end":{"line":8,"column":55}}],"line":6},"1":{"loc":{"start":{"line":8,"column":43},"end":{"line":9,"column":null}},"type":"if","locations":[{"start":{"line":8,"column":43},"end":{"line":9,"column":null}},{"start":{"line":9,"column":28},"end":{"line":9,"column":null}}],"line":8},"2":{"loc":{"start":{"line":9,"column":28},"end":{"line":13,"column":null}},"type":"if","locations":[{"start":{"line":9,"column":28},"end":{"line":13,"column":null}},{"start":{"line":13,"column":17},"end":{"line":13,"column":null}}],"line":9},"3":{"loc":{"start":{"line":11,"column":16},"end":{"line":12,"column":null}},"type":"binary-expr","locations":[{"start":{"line":11,"column":16},"end":{"line":11,"column":null}},{"start":{"line":12,"column":20},"end":{"line":12,"column":null}}],"line":11},"4":{"loc":{"start":{"line":13,"column":17},"end":{"line":15,"column":null}},"type":"if","locations":[{"start":{"line":13,"column":17},"end":{"line":15,"column":null}},{"start":{"line":15,"column":14},"end":{"line":15,"column":null}}],"line":13},"5":{"loc":{"start":{"line":13,"column":17},"end":{"line":13,"column":null}},"type":"binary-expr","locations":[{"start":{"line":13,"column":17},"end":{"line":13,"column":null}},{"start":{"line":13,"column":17},"end":{"line":13,"column":null}}],"line":13}},"s":{"0":2,"1":4,"2":4,"3":4,"4":4,"5":0,"6":4,"7":4,"8":0,"9":4,"10":4,"11":0,"12":4,"13":4,"14":0,"15":4},"f":{"0":4},"b":{"0":[4,0],"1":[4,0],"2":[4,0],"3":[4,2],"4":[4,0],"5":[4,0]},"meta":{"lastBranch":6,"lastFunction":1,"lastStatement":16,"seen":{"s:6:13:15:Infinity":0,"f:6:13:6:28":0,"s:6:28:6:29":1,"s:6:29:6:70":2,"b:6:70:8:55:8:43:8:55":0,"s:6:70:8:55":3,"s:8:20:8:43":4,"s:8:43:8:55":5,"b:8:43:9:Infinity:9:28:9:Infinity":1,"s:8:43:9:Infinity":6,"s:9:12:9:Infinity":7,"s:9:28:9:Infinity":8,"b:9:28:13:Infinity:13:17:13:Infinity":2,"s:9:28:13:Infinity":9,"s:11:16:12:Infinity":10,"b:11:16:11:Infinity:12:20:12:Infinity":3,"s:13:17:13:Infinity":11,"b:13:17:15:Infinity:15:14:15:Infinity":4,"s:13:17:15:Infinity":12,"b:13:17:13:Infinity:13:17:13:Infinity":5,"s:8:8:15:Infinity":13,"s:15:14:15:Infinity":14,"s:15:14:8:20":15},"fnNames":{}}}
,"C:\\Users\\elsem\\Documents\\react-from-zero-to-expert\\03-gifs-app\\src\\shared\\components\\SearchBar.tsx": {"path":"C:\\Users\\elsem\\Documents\\react-from-zero-to-expert\\03-gifs-app\\src\\shared\\components\\SearchBar.tsx","statementMap":{"0":{"start":{"line":8,"column":13},"end":{"line":42,"column":null}},"1":{"start":{"line":8,"column":25},"end":{"line":8,"column":26}},"2":{"start":{"line":8,"column":26},"end":{"line":8,"column":28}},"3":{"start":{"line":8,"column":28},"end":{"line":8,"column":null}},"4":{"start":{"line":9,"column":4},"end":{"line":9,"column":43}},"5":{"start":{"line":9,"column":43},"end":{"line":19,"column":24}},"6":{"start":{"line":11,"column":14},"end":{"line":18,"column":null}},"7":{"start":{"line":12,"column":26},"end":{"line":14,"column":16}},"8":{"start":{"line":13,"column":12},"end":{"line":13,"column":26}},"9":{"start":{"line":14,"column":16},"end":{"line":17,"column":null}},"10":{"start":{"line":17,"column":12},"end":{"line":17,"column":35}},"11":{"start":{"line":19,"column":7},"end":{"line":19,"column":23}},"12":{"start":{"line":19,"column":23},"end":{"line":19,"column":24}},"13":{"start":{"line":11,"column":4},"end":{"line":19,"column":24}},"14":{"start":{"line":19,"column":24},"end":{"line":24,"column":null}},"15":{"start":{"line":21,"column":25},"end":{"line":22,"column":null}},"16":{"start":{"line":22,"column":8},"end":{"line":22,"column":22}},"17":{"start":{"line":24,"column":5},"end":{"line":24,"column":null}},"18":{"start":{"line":21,"column":25},"end":{"line":21,"column":null}},"19":{"start":{"line":24,"column":5},"end":{"line":30,"column":null}},"20":{"start":{"line":26,"column":26},"end":{"line":29,"column":null}},"21":{"start":{"line":27,"column":8},"end":{"line":28,"column":null}},"22":{"start":{"line":28,"column":12},"end":{"line":28,"column":26}},"23":{"start":{"line":30,"column":5},"end":{"line":30,"column":null}},"24":{"start":{"line":26,"column":26},"end":{"line":26,"column":null}},"25":{"start":{"line":30,"column":5},"end":{"line":38,"column":null}},"26":{"start":{"line":38,"column":26},"end":{"line":38,"column":65}},"27":{"start":{"line":38,"column":37},"end":{"line":38,"column":65}},"28":{"start":{"line":38,"column":65},"end":{"line":38,"column":null}},"29":{"start":{"line":38,"column":65},"end":{"line":40,"column":null}},"30":{"start":{"line":34,"column":12},"end":{"line":39,"column":null}},"31":{"start":{"line":40,"column":14},"end":{"line":40,"column":null}},"32":{"start":{"line":40,"column":14},"end":{"line":41,"column":null}},"33":{"start":{"line":41,"column":12},"end":{"line":41,"column":null}},"34":{"start":{"line":41,"column":58},"end":{"line":41,"column":null}},"35":{"start":{"line":41,"column":58},"end":{"line":42,"column":null}},"36":{"start":{"line":33,"column":8},"end":{"line":42,"column":null}},"37":{"start":{"line":42,"column":14},"end":{"line":42,"column":null}},"38":{"start":{"line":42,"column":14},"end":{"line":33,"column":23}}},"fnMap":{"0":{"name":"(anonymous_0)","decl":{"start":{"line":8,"column":13},"end":{"line":8,"column":25}},"loc":{"start":{"line":8,"column":25},"end":{"line":42,"column":null}},"line":8},"1":{"name":"(anonymous_1)","decl":{"start":{"line":11,"column":14},"end":{"line":11,"column":null}},"loc":{"start":{"line":11,"column":14},"end":{"line":18,"column":null}},"line":11},"2":{"name":"(anonymous_2)","decl":{"start":{"line":12,"column":26},"end":{"line":12,"column":37}},"loc":{"start":{"line":12,"column":37},"end":{"line":13,"column":null}},"line":12},"3":{"name":"(anonymous_3)","decl":{"start":{"line":14,"column":16},"end":{"line":14,"column":null}},"loc":{"start":{"line":16,"column":15},"end":{"line":17,"column":null}},"line":16},"4":{"name":"(anonymous_4)","decl":{"start":{"line":21,"column":25},"end":{"line":21,"column":null}},"loc":{"start":{"line":21,"column":25},"end":{"line":22,"column":null}},"line":21},"5":{"name":"(anonymous_5)","decl":{"start":{"line":26,"column":26},"end":{"line":26,"column":null}},"loc":{"start":{"line":26,"column":26},"end":{"line":29,"column":null}},"line":26},"6":{"name":"(anonymous_6)","decl":{"start":{"line":38,"column":26},"end":{"line":38,"column":37}},"loc":{"start":{"line":38,"column":37},"end":{"line":38,"column":65}},"line":38}},"branchMap":{"0":{"loc":{"start":{"line":8,"column":28},"end":{"line":8,"column":null}},"type":"cond-expr","locations":[{"start":{"line":8,"column":28},"end":{"line":8,"column":null}},{"start":{"line":8,"column":28},"end":{"line":8,"column":null}}],"line":8},"1":{"loc":{"start":{"line":9,"column":43},"end":{"line":19,"column":24}},"type":"if","locations":[{"start":{"line":9,"column":43},"end":{"line":19,"column":24}},{"start":{"line":19,"column":23},"end":{"line":19,"column":24}}],"line":9},"2":{"loc":{"start":{"line":9,"column":43},"end":{"line":9,"column":null}},"type":"binary-expr","locations":[{"start":{"line":9,"column":43},"end":{"line":9,"column":null}},{"start":{"line":9,"column":43},"end":{"line":9,"column":null}}],"line":9},"3":{"loc":{"start":{"line":19,"column":24},"end":{"line":24,"column":null}},"type":"if","locations":[{"start":{"line":19,"column":24},"end":{"line":24,"column":null}},{"start":{"line":24,"column":5},"end":{"line":24,"column":null}}],"line":19},"4":{"loc":{"start":{"line":19,"column":24},"end":{"line":19,"column":null}},"type":"binary-expr","locations":[{"start":{"line":19,"column":24},"end":{"line":19,"column":null}},{"start":{"line":19,"column":24},"end":{"line":19,"column":null}}],"line":19},"5":{"loc":{"start":{"line":24,"column":5},"end":{"line":30,"column":null}},"type":"if","locations":[{"start":{"line":24,"column":5},"end":{"line":30,"column":null}},{"start":{"line":30,"column":5},"end":{"line":30,"column":null}}],"line":24},"6":{"loc":{"start":{"line":27,"column":8},"end":{"line":28,"column":null}},"type":"if","locations":[{"start":{"line":27,"column":8},"end":{"line":28,"column":null}},{"start":{},"end":{}}],"line":27},"7":{"loc":{"start":{"line":30,"column":5},"end":{"line":38,"column":null}},"type":"if","locations":[{"start":{"line":30,"column":5},"end":{"line":38,"column":null}},{"start":{"line":38,"column":65},"end":{"line":38,"column":null}}],"line":30},"8":{"loc":{"start":{"line":38,"column":65},"end":{"line":40,"column":null}},"type":"if","locations":[{"start":{"line":38,"column":65},"end":{"line":40,"column":null}},{"start":{"line":40,"column":14},"end":{"line":40,"column":null}}],"line":38},"9":{"loc":{"start":{"line":38,"column":65},"end":{"line":38,"column":null}},"type":"binary-expr","locations":[{"start":{"line":38,"column":65},"end":{"line":38,"column":null}},{"start":{"line":38,"column":65},"end":{"line":38,"column":null}},{"start":{"line":38,"column":65},"end":{"line":38,"column":null}}],"line":38},"10":{"loc":{"start":{"line":40,"column":14},"end":{"line":41,"column":null}},"type":"if","locations":[{"start":{"line":40,"column":14},"end":{"line":41,"column":null}},{"start":{"line":41,"column":58},"end":{"line":41,"column":null}}],"line":40},"11":{"loc":{"start":{"line":41,"column":58},"end":{"line":42,"column":null}},"type":"if","locations":[{"start":{"line":41,"column":58},"end":{"line":42,"column":null}},{"start":{"line":42,"column":14},"end":{"line":42,"column":null}}],"line":41},"12":{"loc":{"start":{"line":41,"column":58},"end":{"line":41,"column":null}},"type":"binary-expr","locations":[{"start":{"line":41,"column":58},"end":{"line":41,"column":null}},{"start":{"line":41,"column":58},"end":{"line":41,"column":null}}],"line":41}},"s":{"0":2,"1":12,"2":12,"3":12,"4":12,"5":12,"6":12,"7":12,"8":2,"9":12,"10":12,"11":12,"12":0,"13":12,"14":12,"15":12,"16":1,"17":0,"18":12,"19":12,"20":12,"21":0,"22":0,"23":0,"24":12,"25":12,"26":6,"27":6,"28":6,"29":12,"30":12,"31":0,"32":12,"33":12,"34":0,"35":12,"36":12,"37":0,"38":12},"f":{"0":12,"1":12,"2":2,"3":12,"4":1,"5":0,"6":6},"b":{"0":[10,2],"1":[12,0],"2":[12,6],"3":[12,0],"4":[12,6],"5":[12,0],"6":[0,0],"7":[6,6],"8":[12,0],"9":[12,0,0],"10":[12,0],"11":[12,0],"12":[12,0]},"meta":{"lastBranch":13,"lastFunction":7,"lastStatement":39,"seen":{"s:8:13:42:Infinity":0,"f:8:13:8:25":0,"s:8:25:8:26":1,"s:8:26:8:28":2,"s:8:28:8:Infinity":3,"b:8:28:8:Infinity:8:28:8:Infinity":0,"s:9:4:9:43":4,"b:9:43:19:24:19:23:19:24":1,"s:9:43:19:24":5,"b:9:43:9:Infinity:9:43:9:Infinity":2,"s:11:14:18:Infinity":6,"f:11:14:11:Infinity":1,"s:12:26:14:16":7,"f:12:26:12:37":2,"s:13:12:13:26":8,"s:14:16:17:Infinity":9,"f:14:16:14:Infinity":3,"s:17:12:17:35":10,"s:19:7:19:23":11,"s:19:23:19:24":12,"s:11:4:19:24":13,"b:19:24:24:Infinity:24:5:24:Infinity":3,"s:19:24:24:Infinity":14,"b:19:24:19:Infinity:19:24:19:Infinity":4,"s:21:25:22:Infinity":15,"f:21:25:21:Infinity":4,"s:22:8:22:22":16,"s:24:5:24:Infinity":17,"s:21:25:21:Infinity":18,"b:24:5:30:Infinity:30:5:30:Infinity":5,"s:24:5:30:Infinity":19,"s:26:26:29:Infinity":20,"f:26:26:26:Infinity":5,"b:27:8:28:Infinity:undefined:undefined:undefined:undefined":6,"s:27:8:28:Infinity":21,"s:28:12:28:26":22,"s:30:5:30:Infinity":23,"s:26:26:26:Infinity":24,"b:30:5:38:Infinity:38:65:38:Infinity":7,"s:30:5:38:Infinity":25,"s:38:26:38:65":26,"f:38:26:38:37":6,"s:38:37:38:65":27,"s:38:65:38:Infinity":28,"b:38:65:40:Infinity:40:14:40:Infinity":8,"s:38:65:40:Infinity":29,"b:38:65:38:Infinity:38:65:38:Infinity:38:65:38:Infinity":9,"s:34:12:39:Infinity":30,"s:40:14:40:Infinity":31,"b:40:14:41:Infinity:41:58:41:Infinity":10,"s:40:14:41:Infinity":32,"s:41:12:41:Infinity":33,"s:41:58:41:Infinity":34,"b:41:58:42:Infinity:42:14:42:Infinity":11,"s:41:58:42:Infinity":35,"b:41:58:41:Infinity:41:58:41:Infinity":12,"s:33:8:42:Infinity":36,"s:42:14:42:Infinity":37,"s:42:14:33:23":38},"fnNames":{}}}
,"C:\\Users\\elsem\\Documents\\react-from-zero-to-expert\\03-gifs-app\\tests\\mocks\\giphy.response.data.ts": {"path":"C:\\Users\\elsem\\Documents\\react-from-zero-to-expert\\03-gifs-app\\tests\\mocks\\giphy.response.data.ts","statementMap":{"0":{"start":{"line":1,"column":39},"end":{"line":2104,"column":null}}},"fnMap":{},"branchMap":{},"s":{"0":1},"f":{},"b":{},"meta":{"lastBranch":0,"lastFunction":0,"lastStatement":1,"seen":{"s:1:39:2104:Infinity":0},"fnNames":{}}}
}
